{"/Users/ppettican/source/GitHub/react-native-money-movements/client/components/StyledText.tsx": {"path":"/Users/ppettican/source/GitHub/react-native-money-movements/client/components/StyledText.tsx","statementMap":{"0":{"start":{"line":6,"column":2},"end":{"line":6,"column":81}}},"fnMap":{"0":{"name":"MonoText","decl":{"start":{"line":5,"column":16},"end":{"line":5,"column":24}},"loc":{"start":{"line":5,"column":43},"end":{"line":7,"column":1}},"line":5}},"branchMap":{},"s":{"0":1},"f":{"0":1},"b":{},"_coverageSchema":"1a1c01bbd47fc00a2c39e90264f33305004495a9","hash":"525f5e5bcad4c02c7c3077d78dbaebd9edf4dde9"}
,"/Users/ppettican/source/GitHub/react-native-money-movements/client/components/Themed.tsx": {"path":"/Users/ppettican/source/GitHub/react-native-money-movements/client/components/Themed.tsx","statementMap":{"0":{"start":{"line":16,"column":16},"end":{"line":16,"column":32}},"1":{"start":{"line":17,"column":25},"end":{"line":17,"column":37}},"2":{"start":{"line":19,"column":2},"end":{"line":23,"column":3}},"3":{"start":{"line":20,"column":4},"end":{"line":20,"column":26}},"4":{"start":{"line":22,"column":4},"end":{"line":22,"column":36}},"5":{"start":{"line":35,"column":58},"end":{"line":35,"column":63}},"6":{"start":{"line":36,"column":16},"end":{"line":36,"column":77}},"7":{"start":{"line":38,"column":2},"end":{"line":38,"column":68}},"8":{"start":{"line":42,"column":58},"end":{"line":42,"column":63}},"9":{"start":{"line":43,"column":26},"end":{"line":43,"column":93}},"10":{"start":{"line":45,"column":2},"end":{"line":45,"column":78}}},"fnMap":{"0":{"name":"useThemeColor","decl":{"start":{"line":12,"column":16},"end":{"line":12,"column":29}},"loc":{"start":{"line":15,"column":2},"end":{"line":24,"column":1}},"line":15},"1":{"name":"Text","decl":{"start":{"line":34,"column":16},"end":{"line":34,"column":20}},"loc":{"start":{"line":34,"column":39},"end":{"line":39,"column":1}},"line":34},"2":{"name":"View","decl":{"start":{"line":41,"column":16},"end":{"line":41,"column":20}},"loc":{"start":{"line":41,"column":39},"end":{"line":46,"column":1}},"line":41}},"branchMap":{"0":{"loc":{"start":{"line":19,"column":2},"end":{"line":23,"column":3}},"type":"if","locations":[{"start":{"line":19,"column":2},"end":{"line":23,"column":3}},{"start":{"line":19,"column":2},"end":{"line":23,"column":3}}],"line":19}},"s":{"0":1,"1":1,"2":1,"3":0,"4":1,"5":1,"6":1,"7":1,"8":0,"9":0,"10":0},"f":{"0":1,"1":1,"2":0},"b":{"0":[0,1]},"_coverageSchema":"1a1c01bbd47fc00a2c39e90264f33305004495a9","hash":"dbd8d752147f16e98d570bd7a945b22b18a61f57"}
,"/Users/ppettican/source/GitHub/react-native-money-movements/client/components/Transaction.tsx": {"path":"/Users/ppettican/source/GitHub/react-native-money-movements/client/components/Transaction.tsx","statementMap":{"0":{"start":{"line":21,"column":31},"end":{"line":36,"column":1}},"1":{"start":{"line":22,"column":51},"end":{"line":22,"column":56}},"2":{"start":{"line":24,"column":4},"end":{"line":26,"column":5}},"3":{"start":{"line":25,"column":8},"end":{"line":25,"column":20}},"4":{"start":{"line":28,"column":18},"end":{"line":28,"column":38}},"5":{"start":{"line":30,"column":4},"end":{"line":35,"column":5}},"6":{"start":{"line":38,"column":35},"end":{"line":42,"column":1}},"7":{"start":{"line":39,"column":4},"end":{"line":41,"column":6}},"8":{"start":{"line":44,"column":20},"end":{"line":70,"column":1}},"9":{"start":{"line":45,"column":24},"end":{"line":45,"column":29}},"10":{"start":{"line":46,"column":24},"end":{"line":46,"column":63}},"11":{"start":{"line":47,"column":57},"end":{"line":47,"column":68}},"12":{"start":{"line":49,"column":4},"end":{"line":69,"column":5}},"13":{"start":{"line":72,"column":15},"end":{"line":85,"column":2}}},"fnMap":{"0":{"name":"(anonymous_0)","decl":{"start":{"line":21,"column":31},"end":{"line":21,"column":32}},"loc":{"start":{"line":21,"column":64},"end":{"line":36,"column":1}},"line":21},"1":{"name":"(anonymous_1)","decl":{"start":{"line":38,"column":35},"end":{"line":38,"column":36}},"loc":{"start":{"line":38,"column":41},"end":{"line":42,"column":1}},"line":38},"2":{"name":"(anonymous_2)","decl":{"start":{"line":44,"column":20},"end":{"line":44,"column":21}},"loc":{"start":{"line":44,"column":49},"end":{"line":70,"column":1}},"line":44}},"branchMap":{"0":{"loc":{"start":{"line":24,"column":4},"end":{"line":26,"column":5}},"type":"if","locations":[{"start":{"line":24,"column":4},"end":{"line":26,"column":5}},{"start":{"line":24,"column":4},"end":{"line":26,"column":5}}],"line":24},"1":{"loc":{"start":{"line":32,"column":13},"end":{"line":32,"column":147}},"type":"binary-expr","locations":[{"start":{"line":32,"column":13},"end":{"line":32,"column":18}},{"start":{"line":32,"column":22},"end":{"line":32,"column":147}}],"line":32},"2":{"loc":{"start":{"line":32,"column":60},"end":{"line":32,"column":92}},"type":"binary-expr","locations":[{"start":{"line":32,"column":60},"end":{"line":32,"column":65}},{"start":{"line":32,"column":69},"end":{"line":32,"column":92}}],"line":32},"3":{"loc":{"start":{"line":32,"column":102},"end":{"line":32,"column":136}},"type":"binary-expr","locations":[{"start":{"line":32,"column":102},"end":{"line":32,"column":108}},{"start":{"line":32,"column":112},"end":{"line":32,"column":136}}],"line":32},"4":{"loc":{"start":{"line":33,"column":13},"end":{"line":33,"column":170}},"type":"binary-expr","locations":[{"start":{"line":33,"column":13},"end":{"line":33,"column":19}},{"start":{"line":33,"column":23},"end":{"line":33,"column":170}}],"line":33},"5":{"loc":{"start":{"line":33,"column":106},"end":{"line":33,"column":130}},"type":"cond-expr","locations":[{"start":{"line":33,"column":114},"end":{"line":33,"column":123}},{"start":{"line":33,"column":126},"end":{"line":33,"column":130}}],"line":33},"6":{"loc":{"start":{"line":33,"column":132},"end":{"line":33,"column":158}},"type":"cond-expr","locations":[{"start":{"line":33,"column":141},"end":{"line":33,"column":151}},{"start":{"line":33,"column":154},"end":{"line":33,"column":158}}],"line":33},"7":{"loc":{"start":{"line":67,"column":13},"end":{"line":67,"column":63}},"type":"binary-expr","locations":[{"start":{"line":67,"column":13},"end":{"line":67,"column":22}},{"start":{"line":67,"column":26},"end":{"line":67,"column":63}}],"line":67}},"s":{"0":1,"1":3,"2":3,"3":0,"4":3,"5":3,"6":1,"7":3,"8":1,"9":3,"10":3,"11":3,"12":3,"13":1},"f":{"0":3,"1":3,"2":3},"b":{"0":[0,3],"1":[3,2],"2":[2,2],"3":[2,2],"4":[3,1],"5":[0,1],"6":[0,1],"7":[3,0]},"_coverageSchema":"1a1c01bbd47fc00a2c39e90264f33305004495a9","hash":"e100e8c4467e89904f6eb5c106cdd68d8b93c609"}
,"/Users/ppettican/source/GitHub/react-native-money-movements/client/constants/Colors.ts": {"path":"/Users/ppettican/source/GitHub/react-native-money-movements/client/constants/Colors.ts","statementMap":{"0":{"start":{"line":1,"column":23},"end":{"line":1,"column":32}},"1":{"start":{"line":2,"column":22},"end":{"line":2,"column":28}}},"fnMap":{},"branchMap":{},"s":{"0":1,"1":1},"f":{},"b":{},"_coverageSchema":"1a1c01bbd47fc00a2c39e90264f33305004495a9","hash":"c988e2b47ba4e0f21211ac337ae20bf92f7969f8"}
,"/Users/ppettican/source/GitHub/react-native-money-movements/client/hooks/useColorScheme.ts": {"path":"/Users/ppettican/source/GitHub/react-native-money-movements/client/hooks/useColorScheme.ts","statementMap":{"0":{"start":{"line":7,"column":2},"end":{"line":7,"column":59}}},"fnMap":{"0":{"name":"useColorScheme","decl":{"start":{"line":6,"column":24},"end":{"line":6,"column":38}},"loc":{"start":{"line":6,"column":71},"end":{"line":8,"column":1}},"line":6}},"branchMap":{},"s":{"0":1},"f":{"0":1},"b":{},"_coverageSchema":"1a1c01bbd47fc00a2c39e90264f33305004495a9","hash":"8fcc9752f7cb9a2997040901748c758323db5180"}
,"/Users/ppettican/source/GitHub/react-native-money-movements/client/model/Transaction.ts": {"path":"/Users/ppettican/source/GitHub/react-native-money-movements/client/model/Transaction.ts","statementMap":{"0":{"start":{"line":31,"column":8},"end":{"line":31,"column":31}},"1":{"start":{"line":32,"column":8},"end":{"line":32,"column":35}},"2":{"start":{"line":33,"column":8},"end":{"line":33,"column":39}},"3":{"start":{"line":34,"column":8},"end":{"line":34,"column":55}},"4":{"start":{"line":35,"column":8},"end":{"line":35,"column":31}},"5":{"start":{"line":36,"column":8},"end":{"line":36,"column":31}},"6":{"start":{"line":37,"column":8},"end":{"line":37,"column":35}},"7":{"start":{"line":38,"column":8},"end":{"line":38,"column":39}},"8":{"start":{"line":39,"column":8},"end":{"line":39,"column":43}},"9":{"start":{"line":40,"column":8},"end":{"line":40,"column":31}},"10":{"start":{"line":41,"column":8},"end":{"line":41,"column":49}},"11":{"start":{"line":45,"column":8},"end":{"line":45,"column":52}},"12":{"start":{"line":49,"column":8},"end":{"line":49,"column":65}}},"fnMap":{"0":{"name":"(anonymous_0)","decl":{"start":{"line":30,"column":4},"end":{"line":30,"column":5}},"loc":{"start":{"line":30,"column":37},"end":{"line":42,"column":5}},"line":30},"1":{"name":"(anonymous_1)","decl":{"start":{"line":44,"column":4},"end":{"line":44,"column":5}},"loc":{"start":{"line":44,"column":25},"end":{"line":46,"column":5}},"line":44},"2":{"name":"(anonymous_2)","decl":{"start":{"line":48,"column":4},"end":{"line":48,"column":5}},"loc":{"start":{"line":48,"column":35},"end":{"line":50,"column":5}},"line":48}},"branchMap":{},"s":{"0":3,"1":3,"2":3,"3":3,"4":3,"5":3,"6":3,"7":3,"8":3,"9":3,"10":3,"11":3,"12":3},"f":{"0":3,"1":3,"2":3},"b":{},"_coverageSchema":"1a1c01bbd47fc00a2c39e90264f33305004495a9","hash":"9f90bf92be30483a93afb42bc08333b49db2bd91"}
}
