TN:
SF:components/StyledText.tsx
FN:5,MonoText
FNF:1
FNH:1
FNDA:1,MonoText
DA:6,1
LF:1
LH:1
BRF:0
BRH:0
end_of_record
TN:
SF:components/Themed.tsx
FN:12,useThemeColor
FN:34,Text
FN:41,View
FNF:3
FNH:2
FNDA:1,useThemeColor
FNDA:1,Text
FNDA:0,View
DA:16,1
DA:17,1
DA:19,1
DA:20,0
DA:22,1
DA:35,1
DA:36,1
DA:38,1
DA:42,0
DA:43,0
DA:45,0
LF:11
LH:7
BRDA:19,0,0,0
BRDA:19,0,1,1
BRF:2
BRH:1
end_of_record
TN:
SF:components/Transaction.tsx
FN:21,(anonymous_0)
FN:38,(anonymous_1)
FN:44,(anonymous_2)
FNF:3
FNH:3
FNDA:3,(anonymous_0)
FNDA:3,(anonymous_1)
FNDA:3,(anonymous_2)
DA:21,1
DA:22,3
DA:24,3
DA:25,0
DA:28,3
DA:30,3
DA:38,1
DA:39,3
DA:44,1
DA:45,3
DA:46,3
DA:47,3
DA:49,3
DA:72,1
LF:14
LH:13
BRDA:24,0,0,0
BRDA:24,0,1,3
BRDA:32,1,0,3
BRDA:32,1,1,2
BRDA:32,2,0,2
BRDA:32,2,1,2
BRDA:32,3,0,2
BRDA:32,3,1,2
BRDA:33,4,0,3
BRDA:33,4,1,1
BRDA:33,5,0,0
BRDA:33,5,1,1
BRDA:33,6,0,0
BRDA:33,6,1,1
BRDA:67,7,0,3
BRDA:67,7,1,0
BRF:16
BRH:12
end_of_record
TN:
SF:constants/Colors.ts
FNF:0
FNH:0
DA:1,1
DA:2,1
LF:2
LH:2
BRF:0
BRH:0
end_of_record
TN:
SF:hooks/useColorScheme.ts
FN:6,useColorScheme
FNF:1
FNH:1
FNDA:1,useColorScheme
DA:7,1
LF:1
LH:1
BRF:0
BRH:0
end_of_record
TN:
SF:model/Transaction.ts
FN:30,(anonymous_0)
FN:44,(anonymous_1)
FN:48,(anonymous_2)
FNF:3
FNH:3
FNDA:3,(anonymous_0)
FNDA:3,(anonymous_1)
FNDA:3,(anonymous_2)
DA:31,3
DA:32,3
DA:33,3
DA:34,3
DA:35,3
DA:36,3
DA:37,3
DA:38,3
DA:39,3
DA:40,3
DA:41,3
DA:45,3
DA:49,3
LF:13
LH:13
BRF:0
BRH:0
end_of_record
